\BOOKMARK [1][-]{section.1}{\376\377\000I\000n\000t\000r\000o\000d\000u\000c\000t\000i\000o\000n}{}% 1
\BOOKMARK [2][-]{subsection.1.1}{\376\377\000T\000h\000e\000\040\000L\000i\000m\000i\000t\000a\000t\000i\000o\000n\000\040\000o\000f\000\040\000M\000a\000t\000r\000i\000x\000\040\000M\000e\000t\000h\000o\000d\000s}{section.1}% 2
\BOOKMARK [2][-]{subsection.1.2}{\376\377\000T\000e\000n\000s\000o\000r\000\040\000M\000e\000t\000h\000o\000d\000s\000\040\000f\000o\000r\000\040\000M\000a\000r\000k\000e\000t\000\040\000M\000i\000c\000r\000o\000s\000t\000r\000u\000c\000t\000u\000r\000e}{section.1}% 3
\BOOKMARK [2][-]{subsection.1.3}{\376\377\000C\000o\000r\000e\000\040\000H\000y\000p\000o\000t\000h\000e\000s\000i\000s}{section.1}% 4
\BOOKMARK [2][-]{subsection.1.4}{\376\377\000C\000o\000n\000t\000r\000i\000b\000u\000t\000i\000o\000n\000s}{section.1}% 5
\BOOKMARK [2][-]{subsection.1.5}{\376\377\000O\000r\000g\000a\000n\000i\000z\000a\000t\000i\000o\000n}{section.1}% 6
\BOOKMARK [1][-]{section.2}{\376\377\000R\000e\000l\000a\000t\000e\000d\000\040\000W\000o\000r\000k}{}% 7
\BOOKMARK [2][-]{subsection.2.1}{\376\377\000M\000a\000r\000k\000e\000t\000\040\000M\000i\000c\000r\000o\000s\000t\000r\000u\000c\000t\000u\000r\000e\000\040\000T\000h\000e\000o\000r\000y}{section.2}% 8
\BOOKMARK [2][-]{subsection.2.2}{\376\377\000D\000i\000m\000e\000n\000s\000i\000o\000n\000a\000l\000i\000t\000y\000\040\000R\000e\000d\000u\000c\000t\000i\000o\000n\000\040\000i\000n\000\040\000F\000i\000n\000a\000n\000c\000e}{section.2}% 9
\BOOKMARK [2][-]{subsection.2.3}{\376\377\000T\000e\000n\000s\000o\000r\000\040\000D\000e\000c\000o\000m\000p\000o\000s\000i\000t\000i\000o\000n\000\040\000M\000e\000t\000h\000o\000d\000s}{section.2}% 10
\BOOKMARK [2][-]{subsection.2.4}{\376\377\000C\000r\000y\000p\000t\000o\000c\000u\000r\000r\000e\000n\000c\000y\000\040\000M\000a\000r\000k\000e\000t\000\040\000M\000i\000c\000r\000o\000s\000t\000r\000u\000c\000t\000u\000r\000e}{section.2}% 11
\BOOKMARK [2][-]{subsection.2.5}{\376\377\000O\000u\000r\000\040\000C\000o\000n\000t\000r\000i\000b\000u\000t\000i\000o\000n}{section.2}% 12
\BOOKMARK [1][-]{section.3}{\376\377\000M\000e\000t\000h\000o\000d\000o\000l\000o\000g\000y}{}% 13
\BOOKMARK [2][-]{subsection.3.1}{\376\377\000D\000a\000t\000a\000\040\000C\000o\000l\000l\000e\000c\000t\000i\000o\000n}{section.3}% 14
\BOOKMARK [3][-]{subsubsection.3.1.1}{\376\377\000D\000a\000t\000a\000s\000e\000t\000\040\000S\000p\000e\000c\000i\000f\000i\000c\000a\000t\000i\000o\000n}{subsection.3.1}% 15
\BOOKMARK [3][-]{subsubsection.3.1.2}{\376\377\000D\000a\000t\000a\000\040\000C\000o\000l\000l\000e\000c\000t\000i\000o\000n\000\040\000A\000l\000g\000o\000r\000i\000t\000h\000m}{subsection.3.1}% 16
\BOOKMARK [3][-]{subsubsection.3.1.3}{\376\377\000M\000a\000r\000k\000e\000t\000\040\000C\000o\000v\000e\000r\000a\000g\000e}{subsection.3.1}% 17
\BOOKMARK [2][-]{subsection.3.2}{\376\377\000T\000e\000n\000s\000o\000r\000\040\000C\000o\000n\000s\000t\000r\000u\000c\000t\000i\000o\000n}{section.3}% 18
\BOOKMARK [3][-]{subsubsection.3.2.1}{\376\377\000T\000e\000n\000s\000o\000r\000\040\000S\000t\000r\000u\000c\000t\000u\000r\000e}{subsection.3.2}% 19
\BOOKMARK [3][-]{subsubsection.3.2.2}{\376\377\000N\000o\000r\000m\000a\000l\000i\000z\000a\000t\000i\000o\000n\000\040\000V\000a\000r\000i\000a\000n\000t\000s}{subsection.3.2}% 20
\BOOKMARK [2][-]{subsection.3.3}{\376\377\000T\000e\000n\000s\000o\000r\000\040\000D\000e\000c\000o\000m\000p\000o\000s\000i\000t\000i\000o\000n\000\040\000M\000e\000t\000h\000o\000d\000s}{section.3}% 21
\BOOKMARK [3][-]{subsubsection.3.3.1}{\376\377\000C\000P\000\040\000D\000e\000c\000o\000m\000p\000o\000s\000i\000t\000i\000o\000n\000\040\000\050\000C\000A\000N\000D\000E\000C\000O\000M\000P\000/\000P\000A\000R\000A\000F\000A\000C\000\051}{subsection.3.3}% 22
\BOOKMARK [3][-]{subsubsection.3.3.2}{\376\377\000T\000u\000c\000k\000e\000r\000\040\000D\000e\000c\000o\000m\000p\000o\000s\000i\000t\000i\000o\000n}{subsection.3.3}% 23
\BOOKMARK [3][-]{subsubsection.3.3.3}{\376\377\000R\000a\000n\000k\000\040\000S\000e\000l\000e\000c\000t\000i\000o\000n}{subsection.3.3}% 24
\BOOKMARK [2][-]{subsection.3.4}{\376\377\000B\000a\000s\000e\000l\000i\000n\000e\000\040\000C\000o\000m\000p\000a\000r\000i\000s\000o\000n\000:\000\040\000P\000C\000A}{section.3}% 25
\BOOKMARK [3][-]{subsubsection.3.4.1}{\376\377\000P\000C\000A\000\040\000o\000n\000\040\000F\000l\000a\000t\000t\000e\000n\000e\000d\000\040\000T\000e\000n\000s\000o\000r}{subsection.3.4}% 26
\BOOKMARK [3][-]{subsubsection.3.4.2}{\376\377\000C\000o\000m\000p\000a\000r\000i\000s\000o\000n\000\040\000M\000e\000t\000r\000i\000c\000s}{subsection.3.4}% 27
\BOOKMARK [2][-]{subsection.3.5}{\376\377\000I\000m\000p\000l\000e\000m\000e\000n\000t\000a\000t\000i\000o\000n}{section.3}% 28
\BOOKMARK [1][-]{section.4}{\376\377\000R\000e\000s\000u\000l\000t\000s}{}% 29
\BOOKMARK [2][-]{subsection.4.1}{\376\377\000D\000a\000t\000a\000s\000e\000t\000\040\000S\000t\000a\000t\000i\000s\000t\000i\000c\000s}{section.4}% 30
\BOOKMARK [2][-]{subsection.4.2}{\376\377\000R\000e\000c\000o\000n\000s\000t\000r\000u\000c\000t\000i\000o\000n\000\040\000A\000c\000c\000u\000r\000a\000c\000y}{section.4}% 31
\BOOKMARK [2][-]{subsection.4.3}{\376\377\000F\000a\000c\000t\000o\000r\000\040\000I\000n\000t\000e\000r\000p\000r\000e\000t\000a\000t\000i\000o\000n}{section.4}% 32
\BOOKMARK [3][-]{subsubsection.4.3.1}{\376\377\000T\000e\000m\000p\000o\000r\000a\000l\000\040\000F\000a\000c\000t\000o\000r\000s}{subsection.4.3}% 33
\BOOKMARK [3][-]{subsubsection.4.3.2}{\376\377\000A\000s\000s\000e\000t\000\040\000F\000a\000c\000t\000o\000r\000s}{subsection.4.3}% 34
\BOOKMARK [3][-]{subsubsection.4.3.3}{\376\377\000F\000e\000a\000t\000u\000r\000e\000\040\000F\000a\000c\000t\000o\000r\000s}{subsection.4.3}% 35
\BOOKMARK [1][-]{section.5}{\376\377\000D\000i\000s\000c\000u\000s\000s\000i\000o\000n}{}% 36
\BOOKMARK [2][-]{subsection.5.1}{\376\377\000E\000c\000o\000n\000o\000m\000i\000c\000\040\000I\000n\000t\000e\000r\000p\000r\000e\000t\000a\000t\000i\000o\000n\000\040\000o\000f\000\040\000F\000a\000c\000t\000o\000r\000s}{section.5}% 37
\BOOKMARK [2][-]{subsection.5.2}{\376\377\000T\000e\000n\000s\000o\000r\000\040\000v\000s\000.\000\040\000M\000a\000t\000r\000i\000x\000\040\000M\000e\000t\000h\000o\000d\000s\000:\000\040\000W\000h\000e\000n\000\040\000D\000o\000e\000s\000\040\000S\000t\000r\000u\000c\000t\000u\000r\000e\000\040\000M\000a\000t\000t\000e\000r\000?}{section.5}% 38
\BOOKMARK [2][-]{subsection.5.3}{\376\377\000I\000m\000p\000l\000i\000c\000a\000t\000i\000o\000n\000s\000\040\000f\000o\000r\000\040\000M\000a\000r\000k\000e\000t\000\040\000M\000o\000d\000e\000l\000i\000n\000g}{section.5}% 39
\BOOKMARK [3][-]{subsubsection.5.3.1}{\376\377\000R\000e\000g\000i\000m\000e\000\040\000D\000e\000t\000e\000c\000t\000i\000o\000n}{subsection.5.3}% 40
\BOOKMARK [3][-]{subsubsection.5.3.2}{\376\377\000C\000r\000o\000s\000s\000-\000A\000s\000s\000e\000t\000\040\000P\000o\000r\000t\000f\000o\000l\000i\000o\000\040\000C\000o\000n\000s\000t\000r\000u\000c\000t\000i\000o\000n}{subsection.5.3}% 41
\BOOKMARK [3][-]{subsubsection.5.3.3}{\376\377\000M\000u\000l\000t\000i\000-\000V\000e\000n\000u\000e\000\040\000A\000r\000b\000i\000t\000r\000a\000g\000e\000\040\000\050\000P\000h\000a\000s\000e\000\040\0002\000\051}{subsection.5.3}% 42
\BOOKMARK [2][-]{subsection.5.4}{\376\377\000L\000i\000m\000i\000t\000a\000t\000i\000o\000n\000s\000\040\000a\000n\000d\000\040\000F\000u\000t\000u\000r\000e\000\040\000W\000o\000r\000k}{section.5}% 43
\BOOKMARK [1][-]{section.6}{\376\377\000C\000o\000n\000c\000l\000u\000s\000i\000o\000n}{}% 44
