\BOOKMARK [1][-]{section.1}{\376\377\000I\000n\000t\000r\000o\000d\000u\000c\000t\000i\000o\000n}{}% 1
\BOOKMARK [1][-]{section.2}{\376\377\000R\000e\000l\000a\000t\000e\000d\000\040\000W\000o\000r\000k}{}% 2
\BOOKMARK [2][-]{subsection.2.1}{\376\377\000C\000r\000y\000p\000t\000o\000c\000u\000r\000r\000e\000n\000c\000y\000\040\000N\000a\000r\000r\000a\000t\000i\000v\000e\000s\000\040\000a\000n\000d\000\040\000S\000e\000n\000t\000i\000m\000e\000n\000t}{section.2}% 3
\BOOKMARK [2][-]{subsection.2.2}{\376\377\000F\000a\000c\000t\000o\000r\000\040\000M\000o\000d\000e\000l\000s\000\040\000i\000n\000\040\000C\000r\000y\000p\000t\000o\000c\000u\000r\000r\000e\000n\000c\000y}{section.2}% 4
\BOOKMARK [2][-]{subsection.2.3}{\376\377\000T\000e\000n\000s\000o\000r\000\040\000M\000e\000t\000h\000o\000d\000s\000\040\000i\000n\000\040\000F\000i\000n\000a\000n\000c\000e}{section.2}% 5
\BOOKMARK [2][-]{subsection.2.4}{\376\377\000F\000a\000c\000t\000o\000r\000\040\000C\000o\000m\000p\000a\000r\000i\000s\000o\000n\000\040\000M\000e\000t\000h\000o\000d\000s}{section.2}% 6
\BOOKMARK [1][-]{section.3}{\376\377\000D\000a\000t\000a}{}% 7
\BOOKMARK [2][-]{subsection.3.1}{\376\377\000M\000a\000r\000k\000e\000t\000\040\000D\000a\000t\000a}{section.3}% 8
\BOOKMARK [2][-]{subsection.3.2}{\376\377\000W\000h\000i\000t\000e\000p\000a\000p\000e\000r\000\040\000C\000o\000r\000p\000u\000s}{section.3}% 9
\BOOKMARK [1][-]{section.4}{\376\377\000M\000e\000t\000h\000o\000d\000o\000l\000o\000g\000y}{}% 10
\BOOKMARK [2][-]{subsection.4.1}{\376\377\000T\000e\000n\000s\000o\000r\000\040\000C\000o\000n\000s\000t\000r\000u\000c\000t\000i\000o\000n}{section.4}% 11
\BOOKMARK [2][-]{subsection.4.2}{\376\377\000T\000e\000n\000s\000o\000r\000\040\000D\000e\000c\000o\000m\000p\000o\000s\000i\000t\000i\000o\000n}{section.4}% 12
\BOOKMARK [3][-]{subsubsection.4.2.1}{\376\377\000C\000P\000\040\000D\000e\000c\000o\000m\000p\000o\000s\000i\000t\000i\000o\000n}{subsection.4.2}% 13
\BOOKMARK [3][-]{subsubsection.4.2.2}{\376\377\000A\000l\000t\000e\000r\000n\000a\000t\000i\000n\000g\000\040\000L\000e\000a\000s\000t\000\040\000S\000q\000u\000a\000r\000e\000s}{subsection.4.2}% 14
\BOOKMARK [3][-]{subsubsection.4.2.3}{\376\377\000R\000a\000n\000k\000\040\000S\000e\000l\000e\000c\000t\000i\000o\000n}{subsection.4.2}% 15
\BOOKMARK [3][-]{subsubsection.4.2.4}{\376\377\000T\000u\000c\000k\000e\000r\000\040\000D\000e\000c\000o\000m\000p\000o\000s\000i\000t\000i\000o\000n}{subsection.4.2}% 16
\BOOKMARK [2][-]{subsection.4.3}{\376\377\000N\000L\000P\000\040\000C\000l\000a\000i\000m\000s\000\040\000E\000x\000t\000r\000a\000c\000t\000i\000o\000n}{section.4}% 17
\BOOKMARK [3][-]{subsubsection.4.3.1}{\376\377\000Z\000e\000r\000o\000-\000S\000h\000o\000t\000\040\000C\000l\000a\000s\000s\000i\000f\000i\000c\000a\000t\000i\000o\000n}{subsection.4.3}% 18
\BOOKMARK [3][-]{subsubsection.4.3.2}{\376\377\000F\000u\000n\000c\000t\000i\000o\000n\000a\000l\000\040\000T\000a\000x\000o\000n\000o\000m\000y}{subsection.4.3}% 19
\BOOKMARK [3][-]{subsubsection.4.3.3}{\376\377\000A\000g\000g\000r\000e\000g\000a\000t\000i\000o\000n}{subsection.4.3}% 20
\BOOKMARK [2][-]{subsection.4.4}{\376\377\000M\000a\000r\000k\000e\000t\000\040\000S\000t\000a\000t\000i\000s\000t\000i\000c\000s}{section.4}% 21
\BOOKMARK [2][-]{subsection.4.5}{\376\377\000P\000r\000o\000c\000r\000u\000s\000t\000e\000s\000\040\000A\000l\000i\000g\000n\000m\000e\000n\000t}{section.4}% 22
\BOOKMARK [3][-]{subsubsection.4.5.1}{\376\377\000P\000r\000o\000b\000l\000e\000m\000\040\000F\000o\000r\000m\000u\000l\000a\000t\000i\000o\000n}{subsection.4.5}% 23
\BOOKMARK [3][-]{subsubsection.4.5.2}{\376\377\000S\000V\000D\000\040\000S\000o\000l\000u\000t\000i\000o\000n}{subsection.4.5}% 24
\BOOKMARK [3][-]{subsubsection.4.5.3}{\376\377\000D\000i\000m\000e\000n\000s\000i\000o\000n\000\040\000H\000a\000n\000d\000l\000i\000n\000g}{subsection.4.5}% 25
\BOOKMARK [2][-]{subsection.4.6}{\376\377\000T\000u\000c\000k\000e\000r\000'\000s\000\040\000C\000o\000n\000g\000r\000u\000e\000n\000c\000e\000\040\000C\000o\000e\000f\000f\000i\000c\000i\000e\000n\000t}{section.4}% 26
\BOOKMARK [3][-]{subsubsection.4.6.1}{\376\377\000M\000a\000t\000r\000i\000x\000\040\000C\000o\000n\000g\000r\000u\000e\000n\000c\000e}{subsection.4.6}% 27
\BOOKMARK [3][-]{subsubsection.4.6.2}{\376\377\000I\000n\000t\000e\000r\000p\000r\000e\000t\000a\000t\000i\000o\000n\000\040\000T\000h\000r\000e\000s\000h\000o\000l\000d\000s}{subsection.4.6}% 28
\BOOKMARK [2][-]{subsection.4.7}{\376\377\000S\000t\000a\000t\000i\000s\000t\000i\000c\000a\000l\000\040\000I\000n\000f\000e\000r\000e\000n\000c\000e}{section.4}% 29
\BOOKMARK [3][-]{subsubsection.4.7.1}{\376\377\000P\000e\000r\000m\000u\000t\000a\000t\000i\000o\000n\000\040\000T\000e\000s\000t}{subsection.4.7}% 30
\BOOKMARK [3][-]{subsubsection.4.7.2}{\376\377\000B\000o\000o\000t\000s\000t\000r\000a\000p\000\040\000C\000o\000n\000f\000i\000d\000e\000n\000c\000e\000\040\000I\000n\000t\000e\000r\000v\000a\000l\000s}{subsection.4.7}% 31
\BOOKMARK [1][-]{section.5}{\376\377\000R\000e\000s\000u\000l\000t\000s}{}% 32
\BOOKMARK [2][-]{subsection.5.1}{\376\377\000T\000e\000n\000s\000o\000r\000\040\000D\000e\000c\000o\000m\000p\000o\000s\000i\000t\000i\000o\000n}{section.5}% 33
\BOOKMARK [2][-]{subsection.5.2}{\376\377\000C\000l\000a\000i\000m\000s\000\040\000M\000a\000t\000r\000i\000x}{section.5}% 34
\BOOKMARK [2][-]{subsection.5.3}{\376\377\000P\000r\000i\000m\000a\000r\000y\000\040\000A\000l\000i\000g\000n\000m\000e\000n\000t\000\040\000T\000e\000s\000t\000s}{section.5}% 35
\BOOKMARK [2][-]{subsection.5.4}{\376\377\000R\000a\000n\000k\000\040\000S\000e\000n\000s\000i\000t\000i\000v\000i\000t\000y\000\040\000A\000n\000a\000l\000y\000s\000i\000s}{section.5}% 36
\BOOKMARK [2][-]{subsection.5.5}{\376\377\000T\000u\000c\000k\000e\000r\000\040\000v\000s\000\040\000C\000P\000\040\000C\000o\000m\000p\000a\000r\000i\000s\000o\000n}{section.5}% 37
\BOOKMARK [2][-]{subsection.5.6}{\376\377\000P\000e\000r\000-\000D\000i\000m\000e\000n\000s\000i\000o\000n\000\040\000A\000l\000i\000g\000n\000m\000e\000n\000t}{section.5}% 38
\BOOKMARK [2][-]{subsection.5.7}{\376\377\000T\000e\000m\000p\000o\000r\000a\000l\000\040\000S\000t\000a\000b\000i\000l\000i\000t\000y}{section.5}% 39
\BOOKMARK [2][-]{subsection.5.8}{\376\377\000E\000n\000t\000i\000t\000y\000-\000L\000e\000v\000e\000l\000\040\000A\000n\000a\000l\000y\000s\000i\000s}{section.5}% 40
\BOOKMARK [2][-]{subsection.5.9}{\376\377\000F\000e\000a\000t\000u\000r\000e\000\040\000I\000m\000p\000o\000r\000t\000a\000n\000c\000e}{section.5}% 41
\BOOKMARK [2][-]{subsection.5.10}{\376\377\000R\000o\000b\000u\000s\000t\000n\000e\000s\000s\000\040\000C\000h\000e\000c\000k\000s}{section.5}% 42
\BOOKMARK [1][-]{section.6}{\376\377\000D\000i\000s\000c\000u\000s\000s\000i\000o\000n}{}% 43
\BOOKMARK [2][-]{subsection.6.1}{\376\377\000I\000n\000t\000e\000r\000p\000r\000e\000t\000i\000n\000g\000\040\000t\000h\000e\000\040\000N\000u\000l\000l\000\040\000R\000e\000s\000u\000l\000t}{section.6}% 44
\BOOKMARK [2][-]{subsection.6.2}{\376\377\000B\000i\000t\000c\000o\000i\000n\000\040\000a\000s\000\040\000A\000n\000o\000m\000a\000l\000y}{section.6}% 45
\BOOKMARK [2][-]{subsection.6.3}{\376\377\000D\000e\000F\000i\000\040\000D\000i\000v\000e\000r\000g\000e\000n\000c\000e}{section.6}% 46
\BOOKMARK [2][-]{subsection.6.4}{\376\377\000F\000e\000a\000t\000u\000r\000e\000\040\000I\000m\000p\000o\000r\000t\000a\000n\000c\000e\000\040\000P\000u\000z\000z\000l\000e}{section.6}% 47
\BOOKMARK [2][-]{subsection.6.5}{\376\377\000T\000h\000e\000o\000r\000e\000t\000i\000c\000a\000l\000\040\000I\000m\000p\000l\000i\000c\000a\000t\000i\000o\000n\000s}{section.6}% 48
\BOOKMARK [2][-]{subsection.6.6}{\376\377\000C\000o\000m\000p\000a\000r\000i\000s\000o\000n\000\040\000w\000i\000t\000h\000\040\000P\000r\000i\000o\000r\000\040\000L\000i\000t\000e\000r\000a\000t\000u\000r\000e}{section.6}% 49
\BOOKMARK [2][-]{subsection.6.7}{\376\377\000I\000m\000p\000l\000i\000c\000a\000t\000i\000o\000n\000s\000\040\000f\000o\000r\000\040\000M\000a\000r\000k\000e\000t\000\040\000E\000f\000f\000i\000c\000i\000e\000n\000c\000y}{section.6}% 50
\BOOKMARK [2][-]{subsection.6.8}{\376\377\000P\000r\000a\000c\000t\000i\000c\000a\000l\000\040\000I\000m\000p\000l\000i\000c\000a\000t\000i\000o\000n\000s}{section.6}% 51
\BOOKMARK [2][-]{subsection.6.9}{\376\377\000R\000o\000b\000u\000s\000t\000n\000e\000s\000s\000\040\000a\000n\000d\000\040\000A\000l\000t\000e\000r\000n\000a\000t\000i\000v\000e\000\040\000E\000x\000p\000l\000a\000n\000a\000t\000i\000o\000n\000s}{section.6}% 52
\BOOKMARK [2][-]{subsection.6.10}{\376\377\000L\000i\000m\000i\000t\000a\000t\000i\000o\000n\000s}{section.6}% 53
\BOOKMARK [1][-]{section.7}{\376\377\000C\000o\000n\000c\000l\000u\000s\000i\000o\000n\000s}{}% 54
\BOOKMARK [2][-]{subsection.7.1}{\376\377\000S\000u\000m\000m\000a\000r\000y\000\040\000o\000f\000\040\000F\000i\000n\000d\000i\000n\000g\000s}{section.7}% 55
\BOOKMARK [2][-]{subsection.7.2}{\376\377\000C\000o\000n\000t\000r\000i\000b\000u\000t\000i\000o\000n\000s}{section.7}% 56
\BOOKMARK [2][-]{subsection.7.3}{\376\377\000I\000m\000p\000l\000i\000c\000a\000t\000i\000o\000n\000s}{section.7}% 57
\BOOKMARK [2][-]{subsection.7.4}{\376\377\000F\000u\000t\000u\000r\000e\000\040\000W\000o\000r\000k}{section.7}% 58
\BOOKMARK [2][-]{subsection.7.5}{\376\377\000F\000i\000n\000a\000l\000\040\000R\000e\000m\000a\000r\000k\000s}{section.7}% 59
\BOOKMARK [1][-]{appendix.A}{\376\377\000P\000r\000o\000c\000r\000u\000s\000t\000e\000s\000\040\000S\000o\000l\000u\000t\000i\000o\000n\000\040\000D\000e\000r\000i\000v\000a\000t\000i\000o\000n}{}% 60
\BOOKMARK [1][-]{appendix.B}{\376\377\000T\000u\000c\000k\000e\000r\000'\000s\000\040\000C\000o\000n\000g\000r\000u\000e\000n\000c\000e\000\040\000P\000r\000o\000p\000e\000r\000t\000i\000e\000s}{}% 61
\BOOKMARK [1][-]{appendix.C}{\376\377\000F\000u\000l\000l\000\040\000A\000s\000s\000e\000t\000\040\000L\000i\000s\000t}{}% 62
\BOOKMARK [1][-]{appendix.D}{\376\377\000W\000h\000i\000t\000e\000p\000a\000p\000e\000r\000\040\000C\000o\000r\000p\000u\000s\000\040\000D\000e\000t\000a\000i\000l\000s}{}% 63
\BOOKMARK [2][-]{subsection.D.1}{\376\377\000D\000o\000c\000u\000m\000e\000n\000t\000\040\000S\000o\000u\000r\000c\000e\000s}{appendix.D}% 64
\BOOKMARK [1][-]{appendix.E}{\376\377\000F\000u\000n\000c\000t\000i\000o\000n\000a\000l\000\040\000C\000a\000t\000e\000g\000o\000r\000y\000\040\000T\000a\000x\000o\000n\000o\000m\000y}{}% 65
\BOOKMARK [2][-]{subsection.E.1}{\376\377\000C\000a\000t\000e\000g\000o\000r\000y\000\040\000S\000e\000l\000e\000c\000t\000i\000o\000n\000\040\000R\000a\000t\000i\000o\000n\000a\000l\000e}{appendix.E}% 66
\BOOKMARK [1][-]{appendix.F}{\376\377\000P\000e\000r\000-\000D\000i\000m\000e\000n\000s\000i\000o\000n\000\040\000A\000l\000i\000g\000n\000m\000e\000n\000t\000\040\000R\000e\000s\000u\000l\000t\000s}{}% 67
\BOOKMARK [1][-]{appendix.G}{\376\377\000T\000e\000m\000p\000o\000r\000a\000l\000\040\000W\000i\000n\000d\000o\000w\000\040\000D\000e\000t\000a\000i\000l\000s}{}% 68
\BOOKMARK [1][-]{appendix.H}{\376\377\000C\000P\000\040\000D\000e\000c\000o\000m\000p\000o\000s\000i\000t\000i\000o\000n\000:\000\040\000K\000r\000u\000s\000k\000a\000l\000'\000s\000\040\000U\000n\000i\000q\000u\000e\000n\000e\000s\000s\000\040\000C\000o\000n\000d\000i\000t\000i\000o\000n}{}% 69
\BOOKMARK [1][-]{appendix.I}{\376\377\000B\000o\000o\000t\000s\000t\000r\000a\000p\000\040\000C\000o\000n\000f\000i\000d\000e\000n\000c\000e\000\040\000I\000n\000t\000e\000r\000v\000a\000l\000\040\000P\000r\000o\000c\000e\000d\000u\000r\000e}{}% 70
\BOOKMARK [1][-]{appendix.J}{\376\377\000P\000e\000r\000m\000u\000t\000a\000t\000i\000o\000n\000\040\000T\000e\000s\000t\000\040\000P\000r\000o\000c\000e\000d\000u\000r\000e}{}% 71
\BOOKMARK [1][-]{appendix.K}{\376\377\000F\000a\000c\000t\000o\000r\000\040\000L\000o\000a\000d\000i\000n\000g\000\040\000D\000e\000t\000a\000i\000l\000e\000d\000\040\000R\000e\000s\000u\000l\000t\000s}{}% 72
